#
# There is insufficient memory for the Java Runtime Environment to continue.
# Native memory allocation (malloc) failed to allocate 2320048 bytes. Error detail: Chunk::new
# Possible reasons:
#   The system is out of physical RAM or swap space
#   This process is running with CompressedOops enabled, and the Java Heap may be blocking the growth of the native heap
# Possible solutions:
#   Reduce memory load on the system
#   Increase physical memory or swap space
#   Check if swap backing store is full
#   Decrease Java heap size (-Xmx/-Xms)
#   Decrease number of Java threads
#   Decrease Java thread stack sizes (-Xss)
#   Set larger code cache with -XX:ReservedCodeCacheSize=
#   JVM is running with Unscaled Compressed Oops mode in which the Java heap is
#     placed in the first 4GB address space. The Java Heap base address is the
#     maximum limit for the native heap growth. Please use -XX:HeapBaseMinAddress
#     to set the Java Heap base and to place the Java Heap above 4GB virtual address.
# This output file may be truncated or incomplete.
#
#  Out of Memory Error (arena.cpp:168), pid=20264, tid=17100
#
# JRE version: OpenJDK Runtime Environment Temurin-21.0.10+7 (21.0.10+7) (build 21.0.10+7-LTS)
# Java VM: OpenJDK 64-Bit Server VM Temurin-21.0.10+7 (21.0.10+7-LTS, mixed mode, sharing, tiered, compressed oops, compressed class ptrs, parallel gc, windows-amd64)
# No core dump will be written. Minidumps are not enabled by default on client versions of Windows
#

---------------  S U M M A R Y ------------

Command Line: --add-modules=ALL-SYSTEM --add-opens=java.base/java.util=ALL-UNNAMED --add-opens=java.base/java.lang=ALL-UNNAMED --add-opens=java.base/sun.nio.fs=ALL-UNNAMED -Declipse.application=org.eclipse.jdt.ls.core.id1 -Dosgi.bundles.defaultStartLevel=4 -Declipse.product=org.eclipse.jdt.ls.core.product -Djava.import.generatesMetadataFilesAtProjectRoot=false -DDetectVMInstallationsJob.disabled=true -Dfile.encoding=utf8 -XX:+UseParallelGC -XX:GCTimeRatio=4 -XX:AdaptiveSizePolicyWeight=90 -Dsun.zip.disableMemoryMapping=true -Xmx2G -Xms100m -Xlog:disable -javaagent:c:\Users\Anudeep\.antigravity\extensions\redhat.java-1.54.0-win32-x64\lombok\lombok-1.18.39-4050.jar -XX:+HeapDumpOnOutOfMemoryError -XX:HeapDumpPath=c:\Users\Anudeep\AppData\Roaming\Antigravity\User\workspaceStorage\2a0f3c603f1ca43d4f8a469496dd28ac\redhat.java -Daether.dependencyCollector.impl=bf c:\Users\Anudeep\.antigravity\extensions\redhat.java-1.54.0-win32-x64\server\plugins\org.eclipse.equinox.launcher_1.7.100.v20251111-0406.jar -configuration c:\Users\Anudeep\AppData\Roaming\Antigravity\User\globalStorage\redhat.java\1.54.0\config_win -data c:\Users\Anudeep\AppData\Roaming\Antigravity\User\workspaceStorage\2a0f3c603f1ca43d4f8a469496dd28ac\redhat.java\jdt_ws --pipe=\\.\pipe\lsp-d28c43783fc448361152cffabe49162c-sock

Host: Intel(R) Core(TM) i5-10210U CPU @ 1.60GHz, 8 cores, 7G,  Windows 11 , 64 bit Build 26100 (10.0.26100.8246)
Time: Mon Apr 27 14:49:09 2026 India Standard Time elapsed time: 100.265508 seconds (0d 0h 1m 40s)

---------------  T H R E A D  ---------------

Current thread (0x000001bec4ad23b0):  JavaThread "C2 CompilerThread0" daemon [_thread_in_native, id=17100, stack(0x00000055f4a00000,0x00000055f4b00000) (1024K)]


Current CompileTask:
C2:100266 9158       4       java.lang.invoke.MethodHandleImpl::makePairwiseConvertByEditor (617 bytes)

Stack: [0x00000055f4a00000,0x00000055f4b00000]
Native frames: (J=compiled Java code, j=interpreted, Vv=VM code, C=native code)
V  [jvm.dll+0x6d7a39]
V  [jvm.dll+0x8b4b26]
V  [jvm.dll+0x8b70de]
V  [jvm.dll+0x8b77c3]
V  [jvm.dll+0x284346]
V  [jvm.dll+0xc66ed]
V  [jvm.dll+0xc6c31]
V  [jvm.dll+0x3bec3b]
V  [jvm.dll+0x1e3f69]
V  [jvm.dll+0x24c6b3]
V  [jvm.dll+0x24bb40]
V  [jvm.dll+0x1cb34e]
V  [jvm.dll+0x25b85d]
V  [jvm.dll+0x259dea]
V  [jvm.dll+0x3f857e]
V  [jvm.dll+0x85f59d]
V  [jvm.dll+0x6d626d]
C  [ucrtbase.dll+0x37b0]
C  [KERNEL32.DLL+0x2e8d7]
C  [ntdll.dll+0x8c3fc]


---------------  P R O C E S S  ---------------

Threads class SMR info:
_java_thread_list=0x000001bf0ebacea0, length=45, elements={
0x000001beae04dad0, 0x000001beae10d0c0, 0x000001bec4ac56f0, 0x000001bec4ac9630,
0x000001bec4aca310, 0x000001bec4acc230, 0x000001bec4accc90, 0x000001bec4ad23b0,
0x000001bf074762b0, 0x000001bf075f2b30, 0x000001bf07736500, 0x000001bf0c5310c0,
0x000001bf076daba0, 0x000001bf0c50c9c0, 0x000001bf07644f00, 0x000001bf0c785260,
0x000001bf0c8a3250, 0x000001bf0c4886c0, 0x000001bf0c4781b0, 0x000001bf0c4753c0,
0x000001bf0c477490, 0x000001bf0c477b20, 0x000001bf0c4760e0, 0x000001bf0c478840,
0x000001bf10125790, 0x000001bf10124a70, 0x000001bf10127ef0, 0x000001bf10126b40,
0x000001bf10125100, 0x000001bf101271d0, 0x000001bf10127860, 0x000001bf10125e20,
0x000001bf101264b0, 0x000001bf0c2bbfe0, 0x000001bf0c2ba5a0, 0x000001bf0c2bcd00,
0x000001bf0c2bac30, 0x000001bf0c2bb950, 0x000001bf0c2bb2c0, 0x000001bf0c2c0810,
0x000001bf0c2bd390, 0x000001bf0c2c0ea0, 0x000001bf0c2c1530, 0x000001bf0c2be0b0,
0x000001bf0c2bf460
}

Java Threads: ( => current thread )
  0x000001beae04dad0 JavaThread "main"                              [_thread_blocked, id=16184, stack(0x00000055f4000000,0x00000055f4100000) (1024K)]
  0x000001beae10d0c0 JavaThread "Reference Handler"          daemon [_thread_blocked, id=8740, stack(0x00000055f4400000,0x00000055f4500000) (1024K)]
  0x000001bec4ac56f0 JavaThread "Finalizer"                  daemon [_thread_blocked, id=18284, stack(0x00000055f4500000,0x00000055f4600000) (1024K)]
  0x000001bec4ac9630 JavaThread "Signal Dispatcher"          daemon [_thread_blocked, id=15244, stack(0x00000055f4600000,0x00000055f4700000) (1024K)]
  0x000001bec4aca310 JavaThread "Attach Listener"            daemon [_thread_blocked, id=14112, stack(0x00000055f4700000,0x00000055f4800000) (1024K)]
  0x000001bec4acc230 JavaThread "Service Thread"             daemon [_thread_blocked, id=21536, stack(0x00000055f4800000,0x00000055f4900000) (1024K)]
  0x000001bec4accc90 JavaThread "Monitor Deflation Thread"   daemon [_thread_blocked, id=20740, stack(0x00000055f4900000,0x00000055f4a00000) (1024K)]
=>0x000001bec4ad23b0 JavaThread "C2 CompilerThread0"         daemon [_thread_in_native, id=17100, stack(0x00000055f4a00000,0x00000055f4b00000) (1024K)]
  0x000001bf074762b0 JavaThread "C1 CompilerThread0"         daemon [_thread_blocked, id=17396, stack(0x00000055f4b00000,0x00000055f4c00000) (1024K)]
  0x000001bf075f2b30 JavaThread "Common-Cleaner"             daemon [_thread_blocked, id=20948, stack(0x00000055f4c00000,0x00000055f4d00000) (1024K)]
  0x000001bf07736500 JavaThread "Notification Thread"        daemon [_thread_blocked, id=19912, stack(0x00000055f4d00000,0x00000055f4e00000) (1024K)]
  0x000001bf0c5310c0 JavaThread "Active Thread: Equinox Container: 3fd760dd-2862-49d9-896a-eb00e792b961"        [_thread_blocked, id=21756, stack(0x00000055f4e00000,0x00000055f4f00000) (1024K)]
  0x000001bf076daba0 JavaThread "Refresh Thread: Equinox Container: 3fd760dd-2862-49d9-896a-eb00e792b961" daemon [_thread_blocked, id=15888, stack(0x00000055f5700000,0x00000055f5800000) (1024K)]
  0x000001bf0c50c9c0 JavaThread "Framework Event Dispatcher: Equinox Container: 3fd760dd-2862-49d9-896a-eb00e792b961" daemon [_thread_blocked, id=15232, stack(0x00000055f5600000,0x00000055f5700000) (1024K)]
  0x000001bf07644f00 JavaThread "Start Level: Equinox Container: 3fd760dd-2862-49d9-896a-eb00e792b961" daemon [_thread_blocked, id=14580, stack(0x00000055f5800000,0x00000055f5900000) (1024K)]
  0x000001bf0c785260 JavaThread "Bundle File Closer"         daemon [_thread_blocked, id=12860, stack(0x00000055f5a00000,0x00000055f5b00000) (1024K)]
  0x000001bf0c8a3250 JavaThread "SCR Component Actor"        daemon [_thread_blocked, id=1984, stack(0x00000055f5900000,0x00000055f5a00000) (1024K)]
  0x000001bf0c4886c0 JavaThread "Worker-JM"                         [_thread_blocked, id=4024, stack(0x00000055f5c00000,0x00000055f5d00000) (1024K)]
  0x000001bf0c4781b0 JavaThread "Worker-0: Initialize Workspace"        [_thread_in_Java, id=6336, stack(0x00000055f5b00000,0x00000055f5c00000) (1024K)]
  0x000001bf0c4753c0 JavaThread "Worker-3: Updating workspace"        [_thread_blocked, id=14736, stack(0x00000055f5f00000,0x00000055f6000000) (1024K)]
  0x000001bf0c477490 JavaThread "Java indexing"              daemon [_thread_blocked, id=15916, stack(0x00000055f6200000,0x00000055f6300000) (1024K)]
  0x000001bf0c477b20 JavaThread "JNA Cleaner"                daemon [_thread_blocked, id=15156, stack(0x00000055f6300000,0x00000055f6400000) (1024K)]
  0x000001bf0c4760e0 JavaThread "Worker-4"                          [_thread_blocked, id=21884, stack(0x00000055f6600000,0x00000055f6700000) (1024K)]
  0x000001bf0c478840 JavaThread "Worker-5: Building project app after Java compiler settings changed"        [_thread_blocked, id=18048, stack(0x00000055f6700000,0x00000055f6800000) (1024K)]
  0x000001bf10125790 JavaThread "Thread-1"                   daemon [_thread_in_native, id=19864, stack(0x00000055f6800000,0x00000055f6900000) (1024K)]
  0x000001bf10124a70 JavaThread "Thread-2"                   daemon [_thread_in_native, id=22348, stack(0x00000055f6900000,0x00000055f6a00000) (1024K)]
  0x000001bf10127ef0 JavaThread "Thread-3"                   daemon [_thread_in_native, id=21988, stack(0x00000055f6a00000,0x00000055f6b00000) (1024K)]
  0x000001bf10126b40 JavaThread "Thread-4"                   daemon [_thread_in_native, id=17544, stack(0x00000055f6b00000,0x00000055f6c00000) (1024K)]
  0x000001bf10125100 JavaThread "Thread-5"                   daemon [_thread_in_native, id=12324, stack(0x00000055f6c00000,0x00000055f6d00000) (1024K)]
  0x000001bf101271d0 JavaThread "Thread-6"                   daemon [_thread_in_native, id=21548, stack(0x00000055f6d00000,0x00000055f6e00000) (1024K)]
  0x000001bf10127860 JavaThread "Thread-7"                   daemon [_thread_in_native, id=11452, stack(0x00000055f6e00000,0x00000055f6f00000) (1024K)]
  0x000001bf10125e20 JavaThread "Thread-8"                   daemon [_thread_in_native, id=21820, stack(0x00000055f6f00000,0x00000055f7000000) (1024K)]
  0x000001bf101264b0 JavaThread "Thread-9"                   daemon [_thread_in_native, id=4928, stack(0x00000055f7000000,0x00000055f7100000) (1024K)]
  0x000001bf0c2bbfe0 JavaThread "pool-2-thread-1"                   [_thread_blocked, id=17524, stack(0x00000055f7100000,0x00000055f7200000) (1024K)]
  0x000001bf0c2ba5a0 JavaThread "WorkspaceEventsHandler"            [_thread_blocked, id=18296, stack(0x00000055f7200000,0x00000055f7300000) (1024K)]
  0x000001bf0c2bcd00 JavaThread "pool-1-thread-1"                   [_thread_blocked, id=17144, stack(0x00000055f7300000,0x00000055f7400000) (1024K)]
  0x000001bf0c2bac30 JavaThread "ProjectImportProgressReporter" daemon [_thread_blocked, id=20360, stack(0x00000055f7500000,0x00000055f7600000) (1024K)]
  0x000001bf0c2bb950 JavaThread "Timer-0"                           [_thread_blocked, id=21984, stack(0x00000055f3e00000,0x00000055f3f00000) (1024K)]
  0x000001bf0c2bb2c0 JavaThread "Timer-1"                           [_thread_blocked, id=19804, stack(0x00000055f6100000,0x00000055f6200000) (1024K)]
  0x000001bf0c2c0810 JavaThread "Timer-2"                           [_thread_blocked, id=10888, stack(0x00000055f7700000,0x00000055f7800000) (1024K)]
  0x000001bf0c2bd390 JavaThread "Timer-3"                           [_thread_blocked, id=19040, stack(0x00000055f7600000,0x00000055f7700000) (1024K)]
  0x000001bf0c2c0ea0 JavaThread "Timer-4"                           [_thread_blocked, id=2812, stack(0x00000055f7800000,0x00000055f7900000) (1024K)]
  0x000001bf0c2c1530 JavaThread "Timer-5"                           [_thread_blocked, id=19884, stack(0x00000055f3f00000,0x00000055f4000000) (1024K)]
  0x000001bf0c2be0b0 JavaThread "Timer-6"                           [_thread_blocked, id=21140, stack(0x00000055f6000000,0x00000055f6100000) (1024K)]
  0x000001bf0c2bf460 JavaThread "Worker-6"                          [_thread_blocked, id=3292, stack(0x00000055f3d00000,0x00000055f3e00000) (1024K)]
Total: 45

Other Threads:
  0x000001beae0f1a00 VMThread "VM Thread"                           [id=18080, stack(0x00000055f4300000,0x00000055f4400000) (1024K)]
  0x000001bec49dca00 WatcherThread "VM Periodic Task Thread"        [id=22056, stack(0x00000055f4200000,0x00000055f4300000) (1024K)]
  0x000001beae06c310 WorkerThread "GC Thread#0"                     [id=18092, stack(0x00000055f4100000,0x00000055f4200000) (1024K)]
  0x000001bf0c351880 WorkerThread "GC Thread#1"                     [id=18972, stack(0x00000055f4f00000,0x00000055f5000000) (1024K)]
  0x000001bf0c331210 WorkerThread "GC Thread#2"                     [id=20160, stack(0x00000055f5000000,0x00000055f5100000) (1024K)]
  0x000001bf0c3315c0 WorkerThread "GC Thread#3"                     [id=19044, stack(0x00000055f5100000,0x00000055f5200000) (1024K)]
  0x000001bf0c331970 WorkerThread "GC Thread#4"                     [id=16744, stack(0x00000055f5200000,0x00000055f5300000) (1024K)]
  0x000001bf0c331d20 WorkerThread "GC Thread#5"                     [id=11384, stack(0x00000055f5300000,0x00000055f5400000) (1024K)]
  0x000001bf0c3320d0 WorkerThread "GC Thread#6"                     [id=20984, stack(0x00000055f5400000,0x00000055f5500000) (1024K)]
  0x000001bf074afa10 WorkerThread "GC Thread#7"                     [id=19300, stack(0x00000055f5500000,0x00000055f5600000) (1024K)]
Total: 10

Threads with active compile tasks:
C2 CompilerThread0  100364 9158       4       java.lang.invoke.MethodHandleImpl::makePairwiseConvertByEditor (617 bytes)
Total: 1

VM state: not at safepoint (normal execution)

VM Mutex/Monitor currently owned by a thread: None

Heap address: 0x0000000080000000, size: 2048 MB, Compressed Oops mode: 32-bit

CDS archive(s) mapped at: [0x000001bec5000000-0x000001bec5ba0000-0x000001bec5ba0000), size 12189696, SharedBaseAddress: 0x000001bec5000000, ArchiveRelocationMode: 1.
Compressed class space mapped at: 0x000001bec6000000-0x000001bf06000000, reserved size: 1073741824
Narrow klass base: 0x000001bec5000000, Narrow klass shift: 0, Narrow klass range: 0x100000000

GC Precious Log:
 CardTable entry size: 512
 CPUs: 8 total, 8 available
 Memory: 7995M
 Large Page Support: Disabled
 NUMA Support: Disabled
 Compressed Oops: Enabled (32-bit)
 Alignments: Space 512K, Generation 512K, Heap 2M
 Heap Min Capacity: 100M
 Heap Initial Capacity: 100M
 Heap Max Capacity: 2G
 Pre-touch: Disabled
 Parallel Workers: 8

Heap:
 PSYoungGen      total 22528K, used 10796K [0x00000000d5580000, 0x00000000d7100000, 0x0000000100000000)
  eden space 22016K, 47% used [0x00000000d5580000,0x00000000d5f9b2f8,0x00000000d6b00000)
  from space 512K, 87% used [0x00000000d7000000,0x00000000d7070000,0x00000000d7080000)
  to   space 512K, 0% used [0x00000000d7080000,0x00000000d7080000,0x00000000d7100000)
 ParOldGen       total 68608K, used 48806K [0x0000000080000000, 0x0000000084300000, 0x00000000d5580000)
  object space 68608K, 71% used [0x0000000080000000,0x0000000082fa9a58,0x0000000084300000)
 Metaspace       used 70741K, committed 72128K, reserved 1114112K
  class space    used 8893K, committed 9536K, reserved 1048576K

Card table byte_map: [0x000001bead9f0000,0x000001beade00000] _byte_map_base: 0x000001bead5f0000

Marking Bits: (ParMarkBitMap*) 0x00007ff97ca53450
 Begin Bits: [0x000001bec0500000, 0x000001bec2500000)
 End Bits:   [0x000001bec2500000, 0x000001bec4500000)

Polling page: 0x000001beac010000

Metaspace:

Usage:
  Non-class:     60.40 MB used.
      Class:      8.68 MB used.
       Both:     69.08 MB used.

Virtual space:
  Non-class space:       64.00 MB reserved,      61.12 MB ( 96%) committed,  1 nodes.
      Class space:        1.00 GB reserved,       9.31 MB ( <1%) committed,  1 nodes.
             Both:        1.06 GB reserved,      70.44 MB (  6%) committed. 

Chunk freelists:
   Non-Class:  2.88 MB
       Class:  6.73 MB
        Both:  9.61 MB

MaxMetaspaceSize: unlimited
CompressedClassSpaceSize: 1.00 GB
Initial GC threshold: 21.00 MB
Current GC threshold: 97.31 MB
CDS: on
 - commit_granule_bytes: 65536.
 - commit_granule_words: 8192.
 - virtual_space_node_default_size: 8388608.
 - enlarge_chunks_in_place: 1.
 - use_allocation_guard: 0.


Internal statistics:

num_allocs_failed_limit: 9.
num_arena_births: 1288.
num_arena_deaths: 18.
num_vsnodes_births: 2.
num_vsnodes_deaths: 0.
num_space_committed: 1127.
num_space_uncommitted: 0.
num_chunks_returned_to_freelist: 29.
num_chunks_taken_from_freelist: 4332.
num_chunk_merges: 12.
num_chunk_splits: 2708.
num_chunks_enlarged: 1601.
num_inconsistent_stats: 0.

CodeHeap 'non-profiled nmethods': size=120000Kb used=7562Kb max_used=7562Kb free=112437Kb
 bounds [0x000001beb8d20000, 0x000001beb9490000, 0x000001bec0250000]
CodeHeap 'profiled nmethods': size=120000Kb used=17403Kb max_used=17403Kb free=102596Kb
 bounds [0x000001beb1250000, 0x000001beb2350000, 0x000001beb8780000]
CodeHeap 'non-nmethods': size=5760Kb used=1426Kb max_used=1527Kb free=4333Kb
 bounds [0x000001beb8780000, 0x000001beb89f0000, 0x000001beb8d20000]
CodeCache: size=245760Kb, used=26391Kb, max_used=26492Kb, free=219366Kb
 total_blobs=9237, nmethods=8505, adapters=638, full_count=0
Compilation: enabled, stopped_count=0, restarted_count=0

Compilation events (20 events):
Event: 99.248 Thread 0x000001bf074762b0 nmethod 9247 0x000001beb2339390 code [0x000001beb23396a0, 0x000001beb233a430]
Event: 99.248 Thread 0x000001bf074762b0 9248       1       org.eclipse.core.internal.registry.Extension::getNamespaceIdentifier (5 bytes)
Event: 99.248 Thread 0x000001bf074762b0 nmethod 9248 0x000001beb9481f90 code [0x000001beb9482120, 0x000001beb94821e8]
Event: 99.251 Thread 0x000001bf074762b0 9250       3       org.eclipse.core.internal.resources.XMLWriter::printTag (170 bytes)
Event: 99.256 Thread 0x000001bf074762b0 nmethod 9250 0x000001beb233a990 code [0x000001beb233ae40, 0x000001beb233d228]
Event: 99.257 Thread 0x000001bf074762b0 9251       3       java.util.concurrent.ConcurrentHashMap::entrySet (25 bytes)
Event: 99.257 Thread 0x000001bf074762b0 nmethod 9251 0x000001beb233dd90 code [0x000001beb233df60, 0x000001beb233e268]
Event: 99.258 Thread 0x000001bf074762b0 9252       3       java.util.concurrent.ConcurrentHashMap$EntrySetView::iterator (34 bytes)
Event: 99.259 Thread 0x000001bf074762b0 nmethod 9252 0x000001beb233e390 code [0x000001beb233e540, 0x000001beb233e768]
Event: 99.300 Thread 0x000001bf074762b0 9253       3       java.util.HashMap::<init> (17 bytes)
Event: 99.300 Thread 0x000001bf074762b0 nmethod 9253 0x000001beb233e890 code [0x000001beb233ea40, 0x000001beb233ec48]
Event: 99.300 Thread 0x000001bf074762b0 9254       3       com.google.common.base.Preconditions::checkState (13 bytes)
Event: 99.301 Thread 0x000001bf074762b0 nmethod 9254 0x000001beb233ed90 code [0x000001beb233ef40, 0x000001beb233f130]
Event: 99.301 Thread 0x000001bf074762b0 9255       3       jdk.internal.misc.InternalLock::newLockOrNull (18 bytes)
Event: 99.302 Thread 0x000001bf074762b0 nmethod 9255 0x000001beb233f210 code [0x000001beb233f400, 0x000001beb233f9a8]
Event: 99.303 Thread 0x000001bf074762b0 9256       3       org.eclipse.core.internal.jobs.InternalJob::internalGetState (9 bytes)
Event: 99.303 Thread 0x000001bf074762b0 nmethod 9256 0x000001beb233fc10 code [0x000001beb233fda0, 0x000001beb233feb0]
Event: 99.303 Thread 0x000001bf074762b0 9258       3       org.eclipse.core.internal.jobs.DeadlockDetector::reduceGraph (509 bytes)
Event: 100.257 Thread 0x000001bf074762b0 nmethod 9258 0x000001beb233ff90 code [0x000001beb2340320, 0x000001beb23421f8]
Event: 100.258 Thread 0x000001bf074762b0 9259       3       com.sun.org.apache.xerces.internal.impl.dtd.XMLDTDValidator::getFeatureDefault (36 bytes)

GC Heap History (20 events):
Event: 78.028 GC heap before
{Heap before GC invocations=51 (full 3):
 PSYoungGen      total 22528K, used 22176K [0x00000000d5580000, 0x00000000d7180000, 0x0000000100000000)
  eden space 22016K, 100% used [0x00000000d5580000,0x00000000d6b00000,0x00000000d6b00000)
  from space 512K, 31% used [0x00000000d7080000,0x00000000d70a8000,0x00000000d7100000)
  to   space 512K, 0% used [0x00000000d7100000,0x00000000d7100000,0x00000000d7180000)
 ParOldGen       total 68608K, used 45872K [0x0000000080000000, 0x0000000084300000, 0x00000000d5580000)
  object space 68608K, 66% used [0x0000000080000000,0x0000000082ccc048,0x0000000084300000)
 Metaspace       used 68623K, committed 69952K, reserved 1114112K
  class space    used 8630K, committed 9216K, reserved 1048576K
}
Event: 78.030 GC heap after
{Heap after GC invocations=51 (full 3):
 PSYoungGen      total 22528K, used 128K [0x00000000d5580000, 0x00000000d7180000, 0x0000000100000000)
  eden space 22016K, 0% used [0x00000000d5580000,0x00000000d5580000,0x00000000d6b00000)
  from space 512K, 25% used [0x00000000d7100000,0x00000000d7120000,0x00000000d7180000)
  to   space 512K, 0% used [0x00000000d7080000,0x00000000d7080000,0x00000000d7100000)
 ParOldGen       total 68608K, used 45888K [0x0000000080000000, 0x0000000084300000, 0x00000000d5580000)
  object space 68608K, 66% used [0x0000000080000000,0x0000000082cd0048,0x0000000084300000)
 Metaspace       used 68623K, committed 69952K, reserved 1114112K
  class space    used 8630K, committed 9216K, reserved 1048576K
}
Event: 78.993 GC heap before
{Heap before GC invocations=52 (full 3):
 PSYoungGen      total 22528K, used 22144K [0x00000000d5580000, 0x00000000d7180000, 0x0000000100000000)
  eden space 22016K, 100% used [0x00000000d5580000,0x00000000d6b00000,0x00000000d6b00000)
  from space 512K, 25% used [0x00000000d7100000,0x00000000d7120000,0x00000000d7180000)
  to   space 512K, 0% used [0x00000000d7080000,0x00000000d7080000,0x00000000d7100000)
 ParOldGen       total 68608K, used 45888K [0x0000000080000000, 0x0000000084300000, 0x00000000d5580000)
  object space 68608K, 66% used [0x0000000080000000,0x0000000082cd0048,0x0000000084300000)
 Metaspace       used 68623K, committed 69952K, reserved 1114112K
  class space    used 8630K, committed 9216K, reserved 1048576K
}
Event: 78.995 GC heap after
{Heap after GC invocations=52 (full 3):
 PSYoungGen      total 22528K, used 192K [0x00000000d5580000, 0x00000000d7180000, 0x0000000100000000)
  eden space 22016K, 0% used [0x00000000d5580000,0x00000000d5580000,0x00000000d6b00000)
  from space 512K, 37% used [0x00000000d7080000,0x00000000d70b0000,0x00000000d7100000)
  to   space 512K, 0% used [0x00000000d7100000,0x00000000d7100000,0x00000000d7180000)
 ParOldGen       total 68608K, used 45920K [0x0000000080000000, 0x0000000084300000, 0x00000000d5580000)
  object space 68608K, 66% used [0x0000000080000000,0x0000000082cd8048,0x0000000084300000)
 Metaspace       used 68623K, committed 69952K, reserved 1114112K
  class space    used 8630K, committed 9216K, reserved 1048576K
}
Event: 82.429 GC heap before
{Heap before GC invocations=53 (full 3):
 PSYoungGen      total 22528K, used 22208K [0x00000000d5580000, 0x00000000d7180000, 0x0000000100000000)
  eden space 22016K, 100% used [0x00000000d5580000,0x00000000d6b00000,0x00000000d6b00000)
  from space 512K, 37% used [0x00000000d7080000,0x00000000d70b0000,0x00000000d7100000)
  to   space 512K, 0% used [0x00000000d7100000,0x00000000d7100000,0x00000000d7180000)
 ParOldGen       total 68608K, used 45920K [0x0000000080000000, 0x0000000084300000, 0x00000000d5580000)
  object space 68608K, 66% used [0x0000000080000000,0x0000000082cd8048,0x0000000084300000)
 Metaspace       used 68661K, committed 69952K, reserved 1114112K
  class space    used 8633K, committed 9216K, reserved 1048576K
}
Event: 82.431 GC heap after
{Heap after GC invocations=53 (full 3):
 PSYoungGen      total 22528K, used 224K [0x00000000d5580000, 0x00000000d7180000, 0x0000000100000000)
  eden space 22016K, 0% used [0x00000000d5580000,0x00000000d5580000,0x00000000d6b00000)
  from space 512K, 43% used [0x00000000d7100000,0x00000000d7138000,0x00000000d7180000)
  to   space 512K, 0% used [0x00000000d7080000,0x00000000d7080000,0x00000000d7100000)
 ParOldGen       total 68608K, used 45928K [0x0000000080000000, 0x0000000084300000, 0x00000000d5580000)
  object space 68608K, 66% used [0x0000000080000000,0x0000000082cda048,0x0000000084300000)
 Metaspace       used 68661K, committed 69952K, reserved 1114112K
  class space    used 8633K, committed 9216K, reserved 1048576K
}
Event: 83.847 GC heap before
{Heap before GC invocations=54 (full 3):
 PSYoungGen      total 22528K, used 22240K [0x00000000d5580000, 0x00000000d7180000, 0x0000000100000000)
  eden space 22016K, 100% used [0x00000000d5580000,0x00000000d6b00000,0x00000000d6b00000)
  from space 512K, 43% used [0x00000000d7100000,0x00000000d7138000,0x00000000d7180000)
  to   space 512K, 0% used [0x00000000d7080000,0x00000000d7080000,0x00000000d7100000)
 ParOldGen       total 68608K, used 45928K [0x0000000080000000, 0x0000000084300000, 0x00000000d5580000)
  object space 68608K, 66% used [0x0000000080000000,0x0000000082cda048,0x0000000084300000)
 Metaspace       used 68661K, committed 69952K, reserved 1114112K
  class space    used 8633K, committed 9216K, reserved 1048576K
}
Event: 83.849 GC heap after
{Heap after GC invocations=54 (full 3):
 PSYoungGen      total 22528K, used 96K [0x00000000d5580000, 0x00000000d7180000, 0x0000000100000000)
  eden space 22016K, 0% used [0x00000000d5580000,0x00000000d5580000,0x00000000d6b00000)
  from space 512K, 18% used [0x00000000d7080000,0x00000000d7098000,0x00000000d7100000)
  to   space 512K, 0% used [0x00000000d7100000,0x00000000d7100000,0x00000000d7180000)
 ParOldGen       total 68608K, used 45984K [0x0000000080000000, 0x0000000084300000, 0x00000000d5580000)
  object space 68608K, 67% used [0x0000000080000000,0x0000000082ce8048,0x0000000084300000)
 Metaspace       used 68661K, committed 69952K, reserved 1114112K
  class space    used 8633K, committed 9216K, reserved 1048576K
}
Event: 84.699 GC heap before
{Heap before GC invocations=55 (full 3):
 PSYoungGen      total 22528K, used 22112K [0x00000000d5580000, 0x00000000d7180000, 0x0000000100000000)
  eden space 22016K, 100% used [0x00000000d5580000,0x00000000d6b00000,0x00000000d6b00000)
  from space 512K, 18% used [0x00000000d7080000,0x00000000d7098000,0x00000000d7100000)
  to   space 512K, 0% used [0x00000000d7100000,0x00000000d7100000,0x00000000d7180000)
 ParOldGen       total 68608K, used 45984K [0x0000000080000000, 0x0000000084300000, 0x00000000d5580000)
  object space 68608K, 67% used [0x0000000080000000,0x0000000082ce8048,0x0000000084300000)
 Metaspace       used 68661K, committed 69952K, reserved 1114112K
  class space    used 8633K, committed 9216K, reserved 1048576K
}
Event: 84.700 GC heap after
{Heap after GC invocations=55 (full 3):
 PSYoungGen      total 22528K, used 96K [0x00000000d5580000, 0x00000000d7180000, 0x0000000100000000)
  eden space 22016K, 0% used [0x00000000d5580000,0x00000000d5580000,0x00000000d6b00000)
  from space 512K, 18% used [0x00000000d7100000,0x00000000d7118000,0x00000000d7180000)
  to   space 512K, 0% used [0x00000000d7080000,0x00000000d7080000,0x00000000d7100000)
 ParOldGen       total 68608K, used 45984K [0x0000000080000000, 0x0000000084300000, 0x00000000d5580000)
  object space 68608K, 67% used [0x0000000080000000,0x0000000082ce8048,0x0000000084300000)
 Metaspace       used 68661K, committed 69952K, reserved 1114112K
  class space    used 8633K, committed 9216K, reserved 1048576K
}
Event: 86.015 GC heap before
{Heap before GC invocations=56 (full 3):
 PSYoungGen      total 22528K, used 22112K [0x00000000d5580000, 0x00000000d7180000, 0x0000000100000000)
  eden space 22016K, 100% used [0x00000000d5580000,0x00000000d6b00000,0x00000000d6b00000)
  from space 512K, 18% used [0x00000000d7100000,0x00000000d7118000,0x00000000d7180000)
  to   space 512K, 0% used [0x00000000d7080000,0x00000000d7080000,0x00000000d7100000)
 ParOldGen       total 68608K, used 45984K [0x0000000080000000, 0x0000000084300000, 0x00000000d5580000)
  object space 68608K, 67% used [0x0000000080000000,0x0000000082ce8048,0x0000000084300000)
 Metaspace       used 68661K, committed 69952K, reserved 1114112K
  class space    used 8633K, committed 9216K, reserved 1048576K
}
Event: 86.017 GC heap after
{Heap after GC invocations=56 (full 3):
 PSYoungGen      total 22528K, used 96K [0x00000000d5580000, 0x00000000d7180000, 0x0000000100000000)
  eden space 22016K, 0% used [0x00000000d5580000,0x00000000d5580000,0x00000000d6b00000)
  from space 512K, 18% used [0x00000000d7080000,0x00000000d7098000,0x00000000d7100000)
  to   space 512K, 0% used [0x00000000d7100000,0x00000000d7100000,0x00000000d7180000)
 ParOldGen       total 68608K, used 45984K [0x0000000080000000, 0x0000000084300000, 0x00000000d5580000)
  object space 68608K, 67% used [0x0000000080000000,0x0000000082ce8048,0x0000000084300000)
 Metaspace       used 68661K, committed 69952K, reserved 1114112K
  class space    used 8633K, committed 9216K, reserved 1048576K
}
Event: 89.597 GC heap before
{Heap before GC invocations=57 (full 3):
 PSYoungGen      total 22528K, used 22112K [0x00000000d5580000, 0x00000000d7180000, 0x0000000100000000)
  eden space 22016K, 100% used [0x00000000d5580000,0x00000000d6b00000,0x00000000d6b00000)
  from space 512K, 18% used [0x00000000d7080000,0x00000000d7098000,0x00000000d7100000)
  to   space 512K, 0% used [0x00000000d7100000,0x00000000d7100000,0x00000000d7180000)
 ParOldGen       total 68608K, used 45984K [0x0000000080000000, 0x0000000084300000, 0x00000000d5580000)
  object space 68608K, 67% used [0x0000000080000000,0x0000000082ce8048,0x0000000084300000)
 Metaspace       used 69603K, committed 70976K, reserved 1114112K
  class space    used 8764K, committed 9408K, reserved 1048576K
}
Event: 89.602 GC heap after
{Heap after GC invocations=57 (full 3):
 PSYoungGen      total 22528K, used 512K [0x00000000d5580000, 0x00000000d7180000, 0x0000000100000000)
  eden space 22016K, 0% used [0x00000000d5580000,0x00000000d5580000,0x00000000d6b00000)
  from space 512K, 100% used [0x00000000d7100000,0x00000000d7180000,0x00000000d7180000)
  to   space 2048K, 0% used [0x00000000d6d80000,0x00000000d6d80000,0x00000000d6f80000)
 ParOldGen       total 68608K, used 47044K [0x0000000080000000, 0x0000000084300000, 0x00000000d5580000)
  object space 68608K, 68% used [0x0000000080000000,0x0000000082df12c8,0x0000000084300000)
 Metaspace       used 69603K, committed 70976K, reserved 1114112K
  class space    used 8764K, committed 9408K, reserved 1048576K
}
Event: 92.581 GC heap before
{Heap before GC invocations=58 (full 3):
 PSYoungGen      total 22528K, used 22528K [0x00000000d5580000, 0x00000000d7180000, 0x0000000100000000)
  eden space 22016K, 100% used [0x00000000d5580000,0x00000000d6b00000,0x00000000d6b00000)
  from space 512K, 100% used [0x00000000d7100000,0x00000000d7180000,0x00000000d7180000)
  to   space 2048K, 0% used [0x00000000d6d80000,0x00000000d6d80000,0x00000000d6f80000)
 ParOldGen       total 68608K, used 47044K [0x0000000080000000, 0x0000000084300000, 0x00000000d5580000)
  object space 68608K, 68% used [0x0000000080000000,0x0000000082df12c8,0x0000000084300000)
 Metaspace       used 70043K, committed 71424K, reserved 1114112K
  class space    used 8821K, committed 9472K, reserved 1048576K
}
Event: 92.591 GC heap after
{Heap after GC invocations=58 (full 3):
 PSYoungGen      total 24064K, used 352K [0x00000000d5580000, 0x00000000d7180000, 0x0000000100000000)
  eden space 22016K, 0% used [0x00000000d5580000,0x00000000d5580000,0x00000000d6b00000)
  from space 2048K, 17% used [0x00000000d6d80000,0x00000000d6dd8000,0x00000000d6f80000)
  to   space 1024K, 0% used [0x00000000d7080000,0x00000000d7080000,0x00000000d7180000)
 ParOldGen       total 68608K, used 47585K [0x0000000080000000, 0x0000000084300000, 0x00000000d5580000)
  object space 68608K, 69% used [0x0000000080000000,0x0000000082e78548,0x0000000084300000)
 Metaspace       used 70043K, committed 71424K, reserved 1114112K
  class space    used 8821K, committed 9472K, reserved 1048576K
}
Event: 95.175 GC heap before
{Heap before GC invocations=59 (full 3):
 PSYoungGen      total 24064K, used 22368K [0x00000000d5580000, 0x00000000d7180000, 0x0000000100000000)
  eden space 22016K, 100% used [0x00000000d5580000,0x00000000d6b00000,0x00000000d6b00000)
  from space 2048K, 17% used [0x00000000d6d80000,0x00000000d6dd8000,0x00000000d6f80000)
  to   space 1024K, 0% used [0x00000000d7080000,0x00000000d7080000,0x00000000d7180000)
 ParOldGen       total 68608K, used 47585K [0x0000000080000000, 0x0000000084300000, 0x00000000d5580000)
  object space 68608K, 69% used [0x0000000080000000,0x0000000082e78548,0x0000000084300000)
 Metaspace       used 70202K, committed 71616K, reserved 1114112K
  class space    used 8838K, committed 9472K, reserved 1048576K
}
Event: 95.178 GC heap after
{Heap after GC invocations=59 (full 3):
 PSYoungGen      total 22528K, used 384K [0x00000000d5580000, 0x00000000d7100000, 0x0000000100000000)
  eden space 22016K, 0% used [0x00000000d5580000,0x00000000d5580000,0x00000000d6b00000)
  from space 512K, 75% used [0x00000000d7080000,0x00000000d70e0000,0x00000000d7100000)
  to   space 512K, 0% used [0x00000000d7000000,0x00000000d7000000,0x00000000d7080000)
 ParOldGen       total 68608K, used 47865K [0x0000000080000000, 0x0000000084300000, 0x00000000d5580000)
  object space 68608K, 69% used [0x0000000080000000,0x0000000082ebe548,0x0000000084300000)
 Metaspace       used 70202K, committed 71616K, reserved 1114112K
  class space    used 8838K, committed 9472K, reserved 1048576K
}
Event: 97.344 GC heap before
{Heap before GC invocations=60 (full 3):
 PSYoungGen      total 22528K, used 22400K [0x00000000d5580000, 0x00000000d7100000, 0x0000000100000000)
  eden space 22016K, 100% used [0x00000000d5580000,0x00000000d6b00000,0x00000000d6b00000)
  from space 512K, 75% used [0x00000000d7080000,0x00000000d70e0000,0x00000000d7100000)
  to   space 512K, 0% used [0x00000000d7000000,0x00000000d7000000,0x00000000d7080000)
 ParOldGen       total 68608K, used 47865K [0x0000000080000000, 0x0000000084300000, 0x00000000d5580000)
  object space 68608K, 69% used [0x0000000080000000,0x0000000082ebe548,0x0000000084300000)
 Metaspace       used 70525K, committed 71936K, reserved 1114112K
  class space    used 8870K, committed 9472K, reserved 1048576K
}
Event: 97.349 GC heap after
{Heap after GC invocations=60 (full 3):
 PSYoungGen      total 22528K, used 448K [0x00000000d5580000, 0x00000000d7100000, 0x0000000100000000)
  eden space 22016K, 0% used [0x00000000d5580000,0x00000000d5580000,0x00000000d6b00000)
  from space 512K, 87% used [0x00000000d7000000,0x00000000d7070000,0x00000000d7080000)
  to   space 512K, 0% used [0x00000000d7080000,0x00000000d7080000,0x00000000d7100000)
 ParOldGen       total 68608K, used 48806K [0x0000000080000000, 0x0000000084300000, 0x00000000d5580000)
  object space 68608K, 71% used [0x0000000080000000,0x0000000082fa9a58,0x0000000084300000)
 Metaspace       used 70525K, committed 71936K, reserved 1114112K
  class space    used 8870K, committed 9472K, reserved 1048576K
}

Dll operation events (15 events):
Event: 0.047 Loaded shared library c:\Users\Anudeep\.antigravity\extensions\redhat.java-1.54.0-win32-x64\jre\21.0.10-win32-x86_64\bin\java.dll
Event: 0.447 Loaded shared library c:\Users\Anudeep\.antigravity\extensions\redhat.java-1.54.0-win32-x64\jre\21.0.10-win32-x86_64\bin\zip.dll
Event: 0.551 Loaded shared library C:\Users\Anudeep\.antigravity\extensions\redhat.java-1.54.0-win32-x64\jre\21.0.10-win32-x86_64\bin\instrument.dll
Event: 0.568 Loaded shared library C:\Users\Anudeep\.antigravity\extensions\redhat.java-1.54.0-win32-x64\jre\21.0.10-win32-x86_64\bin\net.dll
Event: 0.602 Loaded shared library C:\Users\Anudeep\.antigravity\extensions\redhat.java-1.54.0-win32-x64\jre\21.0.10-win32-x86_64\bin\nio.dll
Event: 0.615 Loaded shared library C:\Users\Anudeep\.antigravity\extensions\redhat.java-1.54.0-win32-x64\jre\21.0.10-win32-x86_64\bin\zip.dll
Event: 0.834 Loaded shared library C:\Users\Anudeep\.antigravity\extensions\redhat.java-1.54.0-win32-x64\jre\21.0.10-win32-x86_64\bin\jimage.dll
Event: 1.418 Loaded shared library c:\Users\Anudeep\.antigravity\extensions\redhat.java-1.54.0-win32-x64\jre\21.0.10-win32-x86_64\bin\verify.dll
Event: 9.049 Loaded shared library C:\Users\Anudeep\AppData\Roaming\Antigravity\User\globalStorage\redhat.java\1.54.0\config_win\org.eclipse.equinox.launcher\org.eclipse.equinox.launcher.win32.win32.x86_64_1.3.0.v20260203-2149\eclipse_11919.dll
Event: 15.367 Loaded shared library C:\Users\Anudeep\.antigravity\extensions\redhat.java-1.54.0-win32-x64\jre\21.0.10-win32-x86_64\bin\management.dll
Event: 15.374 Loaded shared library C:\Users\Anudeep\.antigravity\extensions\redhat.java-1.54.0-win32-x64\jre\21.0.10-win32-x86_64\bin\management_ext.dll
Event: 24.070 Loaded shared library C:\Users\Anudeep\AppData\Local\Temp\jna-818535092\jna5527752747451098651.dll
Event: 24.529 Loaded shared library C:\Users\Anudeep\.antigravity\extensions\redhat.java-1.54.0-win32-x64\jre\21.0.10-win32-x86_64\bin\sunmscapi.dll
Event: 26.150 Loaded shared library C:\Users\Anudeep\.antigravity\extensions\redhat.java-1.54.0-win32-x64\jre\21.0.10-win32-x86_64\bin\extnet.dll
Event: 33.551 Loaded shared library C:\Users\Anudeep\.gradle\native\660c5614fbf4a5f2a75b1949f50a0caf5cd603558e7d8a26e50b933a0cfb79d1\windows-amd64\native-platform.dll

Deoptimization events (20 events):
Event: 97.945 Thread 0x000001bf0c4781b0 Uncommon trap: trap_request=0xffffff45 fr.pc=0x000001beb93e0270 relative=0x0000000000001fd0
Event: 97.945 Thread 0x000001bf0c4781b0 Uncommon trap: reason=unstable_if action=reinterpret pc=0x000001beb93e0270 method=org.eclipse.core.internal.filesystem.local.Win32Handler.convertFindDataWToFileInfo(Lcom/sun/jna/Memory;Lorg/eclipse/core/filesystem/provider/FileInfo;Ljava/lang/String;)V @ 
Event: 97.945 Thread 0x000001bf0c4781b0 DEOPT PACKING pc=0x000001beb93e0270 sp=0x00000055f5bfe170
Event: 97.945 Thread 0x000001bf0c4781b0 DEOPT UNPACKING pc=0x000001beb87d3aa2 sp=0x00000055f5bfdf90 mode 2
Event: 97.960 Thread 0x000001bf0c4781b0 Uncommon trap: trap_request=0xffffff45 fr.pc=0x000001beb9443a68 relative=0x0000000000003148
Event: 97.960 Thread 0x000001bf0c4781b0 Uncommon trap: reason=unstable_if action=reinterpret pc=0x000001beb9443a68 method=org.eclipse.jdt.ls.core.internal.filesystem.JLSFile.getFileStore(Lorg/eclipse/core/runtime/IPath;)Lorg/eclipse/core/filesystem/IFileStore; @ 27 c2
Event: 97.960 Thread 0x000001bf0c4781b0 DEOPT PACKING pc=0x000001beb9443a68 sp=0x00000055f5bfe210
Event: 97.960 Thread 0x000001bf0c4781b0 DEOPT UNPACKING pc=0x000001beb87d3aa2 sp=0x00000055f5bfe108 mode 2
Event: 99.304 Thread 0x000001bf0c4781b0 Uncommon trap: trap_request=0xffffff45 fr.pc=0x000001beb92469c4 relative=0x0000000000000684
Event: 99.304 Thread 0x000001bf0c4781b0 Uncommon trap: reason=unstable_if action=reinterpret pc=0x000001beb92469c4 method=java.net.URI.quote(Ljava/lang/String;JJ)Ljava/lang/String; @ 56 c2
Event: 99.304 Thread 0x000001bf0c4781b0 DEOPT PACKING pc=0x000001beb92469c4 sp=0x00000055f5bfd700
Event: 99.304 Thread 0x000001bf0c4781b0 DEOPT UNPACKING pc=0x000001beb87d3aa2 sp=0x00000055f5bfd610 mode 2
Event: 99.304 Thread 0x000001bf0c4781b0 Uncommon trap: trap_request=0xffffff45 fr.pc=0x000001beb90b0e4c relative=0x00000000000003ec
Event: 99.304 Thread 0x000001bf0c4781b0 Uncommon trap: reason=unstable_if action=reinterpret pc=0x000001beb90b0e4c method=java.net.URI.quote(Ljava/lang/String;JJ)Ljava/lang/String; @ 201 c2
Event: 99.304 Thread 0x000001bf0c4781b0 DEOPT PACKING pc=0x000001beb90b0e4c sp=0x00000055f5bfd640
Event: 99.304 Thread 0x000001bf0c4781b0 DEOPT UNPACKING pc=0x000001beb87d3aa2 sp=0x00000055f5bfd608 mode 2
Event: 99.307 Thread 0x000001bf0c4781b0 Uncommon trap: trap_request=0xffffff45 fr.pc=0x000001beb9129690 relative=0x0000000000000250
Event: 99.307 Thread 0x000001bf0c4781b0 Uncommon trap: reason=unstable_if action=reinterpret pc=0x000001beb9129690 method=java.net.URI.quote(Ljava/lang/String;JJ)Ljava/lang/String; @ 56 c2
Event: 99.307 Thread 0x000001bf0c4781b0 DEOPT PACKING pc=0x000001beb9129690 sp=0x00000055f5bfd1b0
Event: 99.307 Thread 0x000001bf0c4781b0 DEOPT UNPACKING pc=0x000001beb87d3aa2 sp=0x00000055f5bfd148 mode 2

Classes loaded (20 events):
Event: 97.460 Loading class com/sun/org/apache/xerces/internal/impl/msg/XMLSerializerMessages_en
Event: 97.460 Loading class com/sun/org/apache/xerces/internal/impl/msg/XMLSerializerMessages_en done
Event: 97.461 Loading class com/sun/org/apache/xerces/internal/impl/msg/XMLSerializerMessages_en_IN
Event: 97.461 Loading class com/sun/org/apache/xerces/internal/impl/msg/XMLSerializerMessages_en_IN done
Event: 97.461 Loading class com/sun/org/apache/xerces/internal/impl/msg/XMLSerializerMessages_en_IN
Event: 97.461 Loading class com/sun/org/apache/xerces/internal/impl/msg/XMLSerializerMessages_en_IN done
Event: 97.462 Loading class com/sun/org/apache/xerces/internal/impl/msg/XMLMessages
Event: 97.462 Loading class com/sun/org/apache/xerces/internal/impl/msg/XMLMessages done
Event: 97.462 Loading class com/sun/org/apache/xerces/internal/impl/msg/XMLMessages
Event: 97.462 Loading class com/sun/org/apache/xerces/internal/impl/msg/XMLMessages done
Event: 97.464 Loading class com/sun/org/apache/xerces/internal/impl/msg/XMLMessages_en
Event: 97.464 Loading class com/sun/org/apache/xerces/internal/impl/msg/XMLMessages_en done
Event: 97.464 Loading class com/sun/org/apache/xerces/internal/impl/msg/XMLMessages_en
Event: 97.464 Loading class com/sun/org/apache/xerces/internal/impl/msg/XMLMessages_en done
Event: 97.464 Loading class com/sun/org/apache/xerces/internal/impl/msg/XMLMessages_en_IN
Event: 97.464 Loading class com/sun/org/apache/xerces/internal/impl/msg/XMLMessages_en_IN done
Event: 97.465 Loading class com/sun/org/apache/xerces/internal/impl/msg/XMLMessages_en_IN
Event: 97.465 Loading class com/sun/org/apache/xerces/internal/impl/msg/XMLMessages_en_IN done
Event: 97.545 Loading class java/lang/Runtime$VersionPattern
Event: 97.547 Loading class java/lang/Runtime$VersionPattern done

Classes unloaded (9 events):
Event: 19.215 Thread 0x000001beae0f1a00 Unloading class 0x000001bec61a4c00 'java/lang/invoke/LambdaForm$MH+0x000001bec61a4c00'
Event: 19.215 Thread 0x000001beae0f1a00 Unloading class 0x000001bec61a4800 'java/lang/invoke/LambdaForm$MH+0x000001bec61a4800'
Event: 19.215 Thread 0x000001beae0f1a00 Unloading class 0x000001bec61a4400 'java/lang/invoke/LambdaForm$MH+0x000001bec61a4400'
Event: 19.215 Thread 0x000001beae0f1a00 Unloading class 0x000001bec61a4000 'java/lang/invoke/LambdaForm$MH+0x000001bec61a4000'
Event: 19.215 Thread 0x000001beae0f1a00 Unloading class 0x000001bec61a3c00 'java/lang/invoke/LambdaForm$BMH+0x000001bec61a3c00'
Event: 19.215 Thread 0x000001beae0f1a00 Unloading class 0x000001bec61a3800 'java/lang/invoke/LambdaForm$DMH+0x000001bec61a3800'
Event: 19.215 Thread 0x000001beae0f1a00 Unloading class 0x000001bec61a2400 'java/lang/invoke/LambdaForm$DMH+0x000001bec61a2400'
Event: 23.317 Thread 0x000001beae0f1a00 Unloading class 0x000001bec62a5000 'java/lang/invoke/LambdaForm$MH+0x000001bec62a5000'
Event: 23.317 Thread 0x000001beae0f1a00 Unloading class 0x000001bec62a4800 'java/lang/invoke/LambdaForm$MH+0x000001bec62a4800'

Classes redefined (0 events):
No events

Internal exceptions (20 events):
Event: 97.462 Thread 0x000001bf0c4781b0 Exception <a 'java/lang/ClassNotFoundException'{0x00000000d55dd588}: com/sun/org/apache/xerces/internal/impl/msg/spi/XMLMessagesProvider> (0x00000000d55dd588) 
thrown [s\src\hotspot\share\classfile\systemDictionary.cpp, line 312]
Event: 97.541 Thread 0x000001bf0c4781b0 Exception <a 'sun/nio/fs/WindowsException'{0x00000000d5689ff8}> (0x00000000d5689ff8) 
thrown [s\src\hotspot\share\prims\jni.cpp, line 520]
Event: 97.542 Thread 0x000001bf0c4781b0 Exception <a 'sun/nio/fs/WindowsException'{0x00000000d568adf8}> (0x00000000d568adf8) 
thrown [s\src\hotspot\share\prims\jni.cpp, line 520]
Event: 97.551 Thread 0x000001bf0c4781b0 Exception <a 'sun/nio/fs/WindowsException'{0x00000000d5691558}> (0x00000000d5691558) 
thrown [s\src\hotspot\share\prims\jni.cpp, line 520]
Event: 97.551 Thread 0x000001bf0c4781b0 Exception <a 'sun/nio/fs/WindowsException'{0x00000000d5692168}> (0x00000000d5692168) 
thrown [s\src\hotspot\share\prims\jni.cpp, line 520]
Event: 97.594 Thread 0x000001bf0c4781b0 Exception <a 'sun/nio/fs/WindowsException'{0x00000000d56dc850}> (0x00000000d56dc850) 
thrown [s\src\hotspot\share\prims\jni.cpp, line 520]
Event: 97.594 Thread 0x000001bf0c4781b0 Exception <a 'sun/nio/fs/WindowsException'{0x00000000d56dd650}> (0x00000000d56dd650) 
thrown [s\src\hotspot\share\prims\jni.cpp, line 520]
Event: 97.657 Thread 0x000001bf0c4781b0 Exception <a 'sun/nio/fs/WindowsException'{0x00000000d571e7d0}> (0x00000000d571e7d0) 
thrown [s\src\hotspot\share\prims\jni.cpp, line 520]
Event: 97.657 Thread 0x000001bf0c4781b0 Exception <a 'sun/nio/fs/WindowsException'{0x00000000d571f5d0}> (0x00000000d571f5d0) 
thrown [s\src\hotspot\share\prims\jni.cpp, line 520]
Event: 97.867 Thread 0x000001bf0c4781b0 Exception <a 'sun/nio/fs/WindowsException'{0x00000000d57b9098}> (0x00000000d57b9098) 
thrown [s\src\hotspot\share\prims\jni.cpp, line 520]
Event: 97.897 Thread 0x000001bf0c4781b0 Exception <a 'sun/nio/fs/WindowsException'{0x00000000d57b9e98}> (0x00000000d57b9e98) 
thrown [s\src\hotspot\share\prims\jni.cpp, line 520]
Event: 97.926 Thread 0x000001bf0c4781b0 Exception <a 'java/io/FileNotFoundException'{0x00000000d57c53a8}> (0x00000000d57c53a8) 
thrown [s\src\hotspot\share\prims\jni.cpp, line 520]
Event: 97.929 Thread 0x000001bf0c4781b0 Exception <a 'sun/nio/fs/WindowsException'{0x00000000d5823988}> (0x00000000d5823988) 
thrown [s\src\hotspot\share\prims\jni.cpp, line 520]
Event: 97.950 Thread 0x000001bf0c4781b0 Exception <a 'sun/nio/fs/WindowsException'{0x00000000d582d7a0}> (0x00000000d582d7a0) 
thrown [s\src\hotspot\share\prims\jni.cpp, line 520]
Event: 97.958 Thread 0x000001bf0c4781b0 Exception <a 'sun/nio/fs/WindowsException'{0x00000000d58329a8}> (0x00000000d58329a8) 
thrown [s\src\hotspot\share\prims\jni.cpp, line 520]
Event: 97.963 Thread 0x000001bf0c4781b0 Exception <a 'sun/nio/fs/WindowsException'{0x00000000d583a488}> (0x00000000d583a488) 
thrown [s\src\hotspot\share\prims\jni.cpp, line 520]
Event: 99.076 Thread 0x000001bf0c4781b0 Exception <a 'sun/nio/fs/WindowsException'{0x00000000d5e086c0}> (0x00000000d5e086c0) 
thrown [s\src\hotspot\share\prims\jni.cpp, line 520]
Event: 99.256 Thread 0x000001bf0c4781b0 Exception <a 'sun/nio/fs/WindowsException'{0x00000000d5e4fed8}> (0x00000000d5e4fed8) 
thrown [s\src\hotspot\share\prims\jni.cpp, line 520]
Event: 99.305 Thread 0x000001bf0c4781b0 Exception <a 'sun/nio/fs/WindowsException'{0x00000000d5e72560}> (0x00000000d5e72560) 
thrown [s\src\hotspot\share\prims\jni.cpp, line 520]
Event: 99.308 Thread 0x000001bf0c4781b0 Exception <a 'sun/nio/fs/WindowsException'{0x00000000d5e78d10}> (0x00000000d5e78d10) 
thrown [s\src\hotspot\share\prims\jni.cpp, line 520]

ZGC Phase Switch (0 events):
No events

VM Operations (20 events):
Event: 92.574 Executing non-safepoint VM operation: HandshakeAllThreads (Deoptimize)
Event: 92.574 Executing non-safepoint VM operation: HandshakeAllThreads (Deoptimize) done
Event: 92.581 Executing safepoint VM operation: ParallelGCFailedAllocation (Allocation Failure)
Event: 92.591 Executing safepoint VM operation: ParallelGCFailedAllocation (Allocation Failure) done
Event: 94.249 Executing non-safepoint VM operation: HandshakeAllThreads (Deoptimize)
Event: 94.250 Executing non-safepoint VM operation: HandshakeAllThreads (Deoptimize) done
Event: 94.250 Executing safepoint VM operation: Cleanup
Event: 94.250 Executing safepoint VM operation: Cleanup done
Event: 95.175 Executing safepoint VM operation: ParallelGCFailedAllocation (Allocation Failure)
Event: 95.179 Executing safepoint VM operation: ParallelGCFailedAllocation (Allocation Failure) done
Event: 96.179 Executing safepoint VM operation: Cleanup
Event: 96.179 Executing safepoint VM operation: Cleanup done
Event: 97.179 Executing safepoint VM operation: Cleanup
Event: 97.180 Executing safepoint VM operation: Cleanup done
Event: 97.344 Executing safepoint VM operation: ParallelGCFailedAllocation (Allocation Failure)
Event: 97.349 Executing safepoint VM operation: ParallelGCFailedAllocation (Allocation Failure) done
Event: 98.350 Executing safepoint VM operation: Cleanup
Event: 98.350 Executing safepoint VM operation: Cleanup done
Event: 99.350 Executing safepoint VM operation: Cleanup
Event: 100.258 Executing safepoint VM operation: Cleanup done

Memory protections (0 events):
No events

Nmethod flushes (20 events):
Event: 37.748 Thread 0x000001beae0f1a00 flushing  nmethod 0x000001beb1ac0a10
Event: 37.748 Thread 0x000001beae0f1a00 flushing  nmethod 0x000001beb1ad7c90
Event: 37.748 Thread 0x000001beae0f1a00 flushing  nmethod 0x000001beb1adb490
Event: 37.748 Thread 0x000001beae0f1a00 flushing  nmethod 0x000001beb1af3a90
Event: 37.748 Thread 0x000001beae0f1a00 flushing  nmethod 0x000001beb1b0ae10
Event: 37.748 Thread 0x000001beae0f1a00 flushing  nmethod 0x000001beb1b56290
Event: 37.748 Thread 0x000001beae0f1a00 flushing  nmethod 0x000001beb1b56c10
Event: 37.748 Thread 0x000001beae0f1a00 flushing  nmethod 0x000001beb1b56f90
Event: 37.748 Thread 0x000001beae0f1a00 flushing  nmethod 0x000001beb1b57310
Event: 37.748 Thread 0x000001beae0f1a00 flushing  nmethod 0x000001beb1b5a810
Event: 37.748 Thread 0x000001beae0f1a00 flushing  nmethod 0x000001beb1b5ae10
Event: 37.748 Thread 0x000001beae0f1a00 flushing  nmethod 0x000001beb1b72b10
Event: 37.748 Thread 0x000001beae0f1a00 flushing  nmethod 0x000001beb1bc1890
Event: 37.748 Thread 0x000001beae0f1a00 flushing  nmethod 0x000001beb1bd5d90
Event: 37.748 Thread 0x000001beae0f1a00 flushing  nmethod 0x000001beb1bd6490
Event: 37.748 Thread 0x000001beae0f1a00 flushing  nmethod 0x000001beb1bd7d10
Event: 37.748 Thread 0x000001beae0f1a00 flushing  nmethod 0x000001beb1bd8590
Event: 37.748 Thread 0x000001beae0f1a00 flushing  nmethod 0x000001beb1bd8b90
Event: 37.748 Thread 0x000001beae0f1a00 flushing  nmethod 0x000001beb1bd8f10
Event: 37.748 Thread 0x000001beae0f1a00 flushing  nmethod 0x000001beb1bdc410

Events (20 events):
Event: 89.895 Thread 0x000001bf0c2c1bc0 Thread exited: 0x000001bf0c2c1bc0
Event: 90.157 Thread 0x000001bf0cbfae30 Thread exited: 0x000001bf0cbfae30
Event: 91.029 Thread 0x000001bf0c476e00 Thread exited: 0x000001bf0c476e00
Event: 92.478 Thread 0x000001bf074762b0 Thread added: 0x000001bf0cbf92f0
Event: 92.479 Thread 0x000001bf074762b0 Thread added: 0x000001bf0cbfa760
Event: 92.757 Thread 0x000001bf0cbfa760 Thread exited: 0x000001bf0cbfa760
Event: 92.757 Thread 0x000001bf0cbf92f0 Thread exited: 0x000001bf0cbf92f0
Event: 94.088 Thread 0x000001bec4ad23b0 Thread added: 0x000001bf0cbf92f0
Event: 94.089 Thread 0x000001bec4ad23b0 Thread added: 0x000001bf0cbfae30
Event: 94.236 Thread 0x000001bf0c476770 Thread exited: 0x000001bf0c476770
Event: 96.329 Thread 0x000001bf0cbfae30 Thread exited: 0x000001bf0cbfae30
Event: 96.331 Thread 0x000001bf0cbf92f0 Thread exited: 0x000001bf0cbf92f0
Event: 96.353 Thread 0x000001bf074762b0 Thread added: 0x000001bf0cbfa760
Event: 96.878 Thread 0x000001bf0cbfa760 Thread exited: 0x000001bf0cbfa760
Event: 97.489 Thread 0x000001bf074762b0 Thread added: 0x000001bf0cbf92f0
Event: 97.825 Thread 0x000001bf0cbf92f0 Thread exited: 0x000001bf0cbf92f0
Event: 97.968 Thread 0x000001bf074762b0 Thread added: 0x000001bf0cbf92f0
Event: 98.162 Thread 0x000001bf0cbf92f0 Thread exited: 0x000001bf0cbf92f0
Event: 98.827 Thread 0x000001bf074762b0 Thread added: 0x000001bf0cbfae30
Event: 99.233 Thread 0x000001bf0cbfae30 Thread exited: 0x000001bf0cbfae30


Dynamic libraries:
0x00007ff6fff50000 - 0x00007ff6fff5e000 	c:\Users\Anudeep\.antigravity\extensions\redhat.java-1.54.0-win32-x64\jre\21.0.10-win32-x86_64\bin\java.exe
0x00007ff9f99e0000 - 0x00007ff9f9c47000 	C:\WINDOWS\SYSTEM32\ntdll.dll
0x00007ff9f8a40000 - 0x00007ff9f8b09000 	C:\WINDOWS\System32\KERNEL32.DLL
0x00007ff9f6fc0000 - 0x00007ff9f73b4000 	C:\WINDOWS\System32\KERNELBASE.dll
0x00007ff9f73c0000 - 0x00007ff9f750b000 	C:\WINDOWS\System32\ucrtbase.dll
0x00007ff9e83b0000 - 0x00007ff9e83c8000 	c:\Users\Anudeep\.antigravity\extensions\redhat.java-1.54.0-win32-x64\jre\21.0.10-win32-x86_64\bin\jli.dll
0x00007ff9d2650000 - 0x00007ff9d28e3000 	C:\WINDOWS\WinSxS\amd64_microsoft.windows.common-controls_6595b64144ccf1df_6.0.26100.8115_none_3e075c82e3354f9c\COMCTL32.dll
0x00007ff9f98d0000 - 0x00007ff9f9979000 	C:\WINDOWS\System32\msvcrt.dll
0x00007ff9f1130000 - 0x00007ff9f114e000 	c:\Users\Anudeep\.antigravity\extensions\redhat.java-1.54.0-win32-x64\jre\21.0.10-win32-x86_64\bin\VCRUNTIME140.dll
0x00007ff9f95d0000 - 0x00007ff9f9795000 	C:\WINDOWS\System32\USER32.dll
0x00007ff9f7690000 - 0x00007ff9f76b7000 	C:\WINDOWS\System32\win32u.dll
0x00007ff9f7920000 - 0x00007ff9f794b000 	C:\WINDOWS\System32\GDI32.dll
0x00007ff9f6400000 - 0x00007ff9f652b000 	C:\WINDOWS\System32\gdi32full.dll
0x00007ff9f6f10000 - 0x00007ff9f6fb3000 	C:\WINDOWS\System32\msvcp_win.dll
0x00007ff9f8bd0000 - 0x00007ff9f8c02000 	C:\WINDOWS\System32\IMM32.DLL
0x00007ff9f1120000 - 0x00007ff9f112c000 	c:\Users\Anudeep\.antigravity\extensions\redhat.java-1.54.0-win32-x64\jre\21.0.10-win32-x86_64\bin\vcruntime140_1.dll
0x00007ff9c60a0000 - 0x00007ff9c612d000 	c:\Users\Anudeep\.antigravity\extensions\redhat.java-1.54.0-win32-x64\jre\21.0.10-win32-x86_64\bin\msvcp140.dll
0x00007ff97bd90000 - 0x00007ff97cb31000 	c:\Users\Anudeep\.antigravity\extensions\redhat.java-1.54.0-win32-x64\jre\21.0.10-win32-x86_64\bin\server\jvm.dll
0x00007ff9f8cf0000 - 0x00007ff9f8da6000 	C:\WINDOWS\System32\ADVAPI32.dll
0x00007ff9f8c40000 - 0x00007ff9f8ce7000 	C:\WINDOWS\System32\sechost.dll
0x00007ff9f7800000 - 0x00007ff9f7918000 	C:\WINDOWS\System32\RPCRT4.dll
0x00007ff9f8010000 - 0x00007ff9f8090000 	C:\WINDOWS\System32\WS2_32.dll
0x00007ff9f6110000 - 0x00007ff9f616e000 	C:\WINDOWS\SYSTEM32\POWRPROF.dll
0x00007ff9dac60000 - 0x00007ff9dac96000 	C:\WINDOWS\SYSTEM32\WINMM.dll
0x00007ff9f4450000 - 0x00007ff9f445b000 	C:\WINDOWS\SYSTEM32\VERSION.dll
0x00007ff9f60f0000 - 0x00007ff9f6104000 	C:\WINDOWS\SYSTEM32\UMPDC.dll
0x00007ff9f5040000 - 0x00007ff9f505b000 	C:\WINDOWS\SYSTEM32\kernel.appcore.dll
0x00007ff9e83a0000 - 0x00007ff9e83aa000 	c:\Users\Anudeep\.antigravity\extensions\redhat.java-1.54.0-win32-x64\jre\21.0.10-win32-x86_64\bin\jimage.dll
0x00007ff9f3740000 - 0x00007ff9f3982000 	C:\WINDOWS\SYSTEM32\DBGHELP.DLL
0x00007ff9f7b20000 - 0x00007ff9f7ea2000 	C:\WINDOWS\System32\combase.dll
0x00007ff9f7a40000 - 0x00007ff9f7b18000 	C:\WINDOWS\System32\OLEAUT32.dll
0x00007ff9cd9a0000 - 0x00007ff9cd9db000 	C:\WINDOWS\SYSTEM32\dbgcore.DLL
0x00007ff9f76c0000 - 0x00007ff9f7765000 	C:\WINDOWS\System32\bcryptPrimitives.dll
0x00007ff9d1a30000 - 0x00007ff9d1a3f000 	c:\Users\Anudeep\.antigravity\extensions\redhat.java-1.54.0-win32-x64\jre\21.0.10-win32-x86_64\bin\instrument.dll
0x00007ff9e8350000 - 0x00007ff9e8370000 	c:\Users\Anudeep\.antigravity\extensions\redhat.java-1.54.0-win32-x64\jre\21.0.10-win32-x86_64\bin\java.dll
0x00007ff9f80f0000 - 0x00007ff9f8857000 	C:\WINDOWS\System32\SHELL32.dll
0x00007ff9f6da0000 - 0x00007ff9f6f0a000 	C:\WINDOWS\System32\wintypes.dll
0x00007ff9f6530000 - 0x00007ff9f6d98000 	C:\WINDOWS\System32\windows.storage.dll
0x00007ff9f7f10000 - 0x00007ff9f8008000 	C:\WINDOWS\System32\SHCORE.dll
0x00007ff9f7950000 - 0x00007ff9f79b6000 	C:\WINDOWS\System32\shlwapi.dll
0x00007ff9f61d0000 - 0x00007ff9f61f9000 	C:\WINDOWS\SYSTEM32\profapi.dll
0x00007ff9d1ae0000 - 0x00007ff9d1af8000 	c:\Users\Anudeep\.antigravity\extensions\redhat.java-1.54.0-win32-x64\jre\21.0.10-win32-x86_64\bin\zip.dll
0x00007ff9d1a60000 - 0x00007ff9d1a70000 	C:\Users\Anudeep\.antigravity\extensions\redhat.java-1.54.0-win32-x64\jre\21.0.10-win32-x86_64\bin\net.dll
0x00007ff9e8210000 - 0x00007ff9e833d000 	C:\WINDOWS\SYSTEM32\WINHTTP.dll
0x00007ff9f55b0000 - 0x00007ff9f561c000 	C:\WINDOWS\system32\mswsock.dll
0x00007ff9ce8d0000 - 0x00007ff9ce8e6000 	C:\Users\Anudeep\.antigravity\extensions\redhat.java-1.54.0-win32-x64\jre\21.0.10-win32-x86_64\bin\nio.dll
0x00007ff9cdb80000 - 0x00007ff9cdb90000 	c:\Users\Anudeep\.antigravity\extensions\redhat.java-1.54.0-win32-x64\jre\21.0.10-win32-x86_64\bin\verify.dll
0x00007ff966590000 - 0x00007ff9665d5000 	C:\Users\Anudeep\AppData\Roaming\Antigravity\User\globalStorage\redhat.java\1.54.0\config_win\org.eclipse.equinox.launcher\org.eclipse.equinox.launcher.win32.win32.x86_64_1.3.0.v20260203-2149\eclipse_11919.dll
0x00007ff9f9430000 - 0x00007ff9f95c7000 	C:\WINDOWS\System32\ole32.dll
0x00007ff9cd5f0000 - 0x00007ff9cd5fa000 	C:\Users\Anudeep\.antigravity\extensions\redhat.java-1.54.0-win32-x64\jre\21.0.10-win32-x86_64\bin\management.dll
0x00007ff9cd2e0000 - 0x00007ff9cd2ec000 	C:\Users\Anudeep\.antigravity\extensions\redhat.java-1.54.0-win32-x64\jre\21.0.10-win32-x86_64\bin\management_ext.dll
0x00007ff9f98a0000 - 0x00007ff9f98a8000 	C:\WINDOWS\System32\PSAPI.DLL
0x00007ff9f5890000 - 0x00007ff9f58ab000 	C:\WINDOWS\SYSTEM32\CRYPTSP.dll
0x00007ff9f4fa0000 - 0x00007ff9f4fd9000 	C:\WINDOWS\system32\rsaenh.dll
0x00007ff9f5660000 - 0x00007ff9f5693000 	C:\WINDOWS\SYSTEM32\USERENV.dll
0x00007ff9f61a0000 - 0x00007ff9f61ca000 	C:\WINDOWS\SYSTEM32\bcrypt.dll
0x00007ff9f58b0000 - 0x00007ff9f58bc000 	C:\WINDOWS\SYSTEM32\CRYPTBASE.dll
0x00007ff9f4aa0000 - 0x00007ff9f4ad2000 	C:\WINDOWS\SYSTEM32\IPHLPAPI.DLL
0x00007ff9f8e30000 - 0x00007ff9f8e3a000 	C:\WINDOWS\System32\NSI.dll
0x00007ff962f00000 - 0x00007ff962f49000 	C:\Users\Anudeep\AppData\Local\Temp\jna-818535092\jna5527752747451098651.dll
0x00007ff9e81f0000 - 0x00007ff9e820d000 	C:\WINDOWS\SYSTEM32\dhcpcsvc6.DLL
0x00007ff9e8370000 - 0x00007ff9e8395000 	C:\WINDOWS\SYSTEM32\dhcpcsvc.DLL
0x00007ff9cdd60000 - 0x00007ff9cdd6e000 	C:\Users\Anudeep\.antigravity\extensions\redhat.java-1.54.0-win32-x64\jre\21.0.10-win32-x86_64\bin\sunmscapi.dll
0x00007ff9f7510000 - 0x00007ff9f7687000 	C:\WINDOWS\System32\CRYPT32.dll
0x00007ff9f5ab0000 - 0x00007ff9f5ae0000 	C:\WINDOWS\SYSTEM32\ncrypt.dll
0x00007ff9f5a60000 - 0x00007ff9f5a9f000 	C:\WINDOWS\SYSTEM32\NTASN1.dll
0x00007ff9f4ae0000 - 0x00007ff9f4c12000 	C:\WINDOWS\SYSTEM32\DNSAPI.dll
0x00007ff9e8340000 - 0x00007ff9e834b000 	C:\Windows\System32\rasadhlp.dll
0x00007ff9e69c0000 - 0x00007ff9e6a46000 	C:\WINDOWS\System32\fwpuclnt.dll
0x00007ff9cdd50000 - 0x00007ff9cdd59000 	C:\Users\Anudeep\.antigravity\extensions\redhat.java-1.54.0-win32-x64\jre\21.0.10-win32-x86_64\bin\extnet.dll
0x00007ff9c7410000 - 0x00007ff9c7437000 	C:\Users\Anudeep\.gradle\native\660c5614fbf4a5f2a75b1949f50a0caf5cd603558e7d8a26e50b933a0cfb79d1\windows-amd64\native-platform.dll
0x00007ff9b7a80000 - 0x00007ff9b7a88000 	C:\WINDOWS\system32\wshunix.dll

JVMTI agents:
c:\Users\Anudeep\.antigravity\extensions\redhat.java-1.54.0-win32-x64\lombok\lombok-1.18.39-4050.jar path:c:\Users\Anudeep\.antigravity\extensions\redhat.java-1.54.0-win32-x64\jre\21.0.10-win32-x86_64\bin\instrument.dll, loaded, initialized, instrumentlib options:none

dbghelp: loaded successfully - version: 4.0.5 - missing functions: none
symbol engine: initialized successfully - sym options: 0x614 - pdb path: .;c:\Users\Anudeep\.antigravity\extensions\redhat.java-1.54.0-win32-x64\jre\21.0.10-win32-x86_64\bin;C:\WINDOWS\SYSTEM32;C:\WINDOWS\WinSxS\amd64_microsoft.windows.common-controls_6595b64144ccf1df_6.0.26100.8115_none_3e075c82e3354f9c;c:\Users\Anudeep\.antigravity\extensions\redhat.java-1.54.0-win32-x64\jre\21.0.10-win32-x86_64\bin\server;C:\Users\Anudeep\AppData\Roaming\Antigravity\User\globalStorage\redhat.java\1.54.0\config_win\org.eclipse.equinox.launcher\org.eclipse.equinox.launcher.win32.win32.x86_64_1.3.0.v20260203-2149;C:\Users\Anudeep\AppData\Local\Temp\jna-818535092;C:\Users\Anudeep\.gradle\native\660c5614fbf4a5f2a75b1949f50a0caf5cd603558e7d8a26e50b933a0cfb79d1\windows-amd64

VM Arguments:
jvm_args: --add-modules=ALL-SYSTEM --add-opens=java.base/java.util=ALL-UNNAMED --add-opens=java.base/java.lang=ALL-UNNAMED --add-opens=java.base/sun.nio.fs=ALL-UNNAMED -Declipse.application=org.eclipse.jdt.ls.core.id1 -Dosgi.bundles.defaultStartLevel=4 -Declipse.product=org.eclipse.jdt.ls.core.product -Djava.import.generatesMetadataFilesAtProjectRoot=false -DDetectVMInstallationsJob.disabled=true -Dfile.encoding=utf8 -XX:+UseParallelGC -XX:GCTimeRatio=4 -XX:AdaptiveSizePolicyWeight=90 -Dsun.zip.disableMemoryMapping=true -Xmx2G -Xms100m -Xlog:disable -javaagent:c:\Users\Anudeep\.antigravity\extensions\redhat.java-1.54.0-win32-x64\lombok\lombok-1.18.39-4050.jar -XX:+HeapDumpOnOutOfMemoryError -XX:HeapDumpPath=c:\Users\Anudeep\AppData\Roaming\Antigravity\User\workspaceStorage\2a0f3c603f1ca43d4f8a469496dd28ac\redhat.java -Daether.dependencyCollector.impl=bf 
java_command: c:\Users\Anudeep\.antigravity\extensions\redhat.java-1.54.0-win32-x64\server\plugins\org.eclipse.equinox.launcher_1.7.100.v20251111-0406.jar -configuration c:\Users\Anudeep\AppData\Roaming\Antigravity\User\globalStorage\redhat.java\1.54.0\config_win -data c:\Users\Anudeep\AppData\Roaming\Antigravity\User\workspaceStorage\2a0f3c603f1ca43d4f8a469496dd28ac\redhat.java\jdt_ws --pipe=\\.\pipe\lsp-d28c43783fc448361152cffabe49162c-sock
java_class_path (initial): c:\Users\Anudeep\.antigravity\extensions\redhat.java-1.54.0-win32-x64\server\plugins\org.eclipse.equinox.launcher_1.7.100.v20251111-0406.jar
Launcher Type: SUN_STANDARD

[Global flags]
    uintx AdaptiveSizePolicyWeight                 = 90                                        {product} {command line}
     intx CICompilerCount                          = 4                                         {product} {ergonomic}
    uintx GCTimeRatio                              = 4                                         {product} {command line}
     bool HeapDumpOnOutOfMemoryError               = true                                   {manageable} {command line}
    ccstr HeapDumpPath                             = c:\Users\Anudeep\AppData\Roaming\Antigravity\User\workspaceStorage\2a0f3c603f1ca43d4f8a469496dd28ac\redhat.java         {manageable} {command line}
   size_t InitialHeapSize                          = 104857600                                 {product} {command line}
   size_t MaxHeapSize                              = 2147483648                                {product} {command line}
   size_t MaxNewSize                               = 715653120                                 {product} {ergonomic}
   size_t MinHeapDeltaBytes                        = 524288                                    {product} {ergonomic}
   size_t MinHeapSize                              = 104857600                                 {product} {command line}
   size_t NewSize                                  = 34603008                                  {product} {ergonomic}
    uintx NonNMethodCodeHeapSize                   = 5839372                                {pd product} {ergonomic}
    uintx NonProfiledCodeHeapSize                  = 122909434                              {pd product} {ergonomic}
   size_t OldSize                                  = 70254592                                  {product} {ergonomic}
    uintx ProfiledCodeHeapSize                     = 122909434                              {pd product} {ergonomic}
    uintx ReservedCodeCacheSize                    = 251658240                              {pd product} {ergonomic}
     bool SegmentedCodeCache                       = true                                      {product} {ergonomic}
   size_t SoftMaxHeapSize                          = 2147483648                             {manageable} {ergonomic}
     bool UseCompressedOops                        = true                           {product lp64_product} {ergonomic}
     bool UseLargePagesIndividualAllocation        = false                                  {pd product} {ergonomic}
     bool UseParallelGC                            = true                                      {product} {command line}

Logging:
Log output configuration:
 #0: stdout all=off uptime,level,tags foldmultilines=false
 #1: stderr all=off uptime,level,tags foldmultilines=false

Release file:
JAVA_VERSION="21.0.10" 
MODULES="java.base java.compiler java.datatransfer java.xml java.prefs java.desktop java.instrument java.logging java.management java.security.sasl java.naming java.rmi java.management.rmi java.net.http java.scripting java.security.jgss java.transaction.xa java.sql java.sql.rowset java.xml.crypto java.se java.smartcardio jdk.accessibility jdk.internal.jvmstat jdk.attach jdk.charsets jdk.internal.opt jdk.zipfs jdk.compiler jdk.crypto.ec jdk.crypto.cryptoki jdk.crypto.mscapi jdk.dynalink jdk.internal.ed jdk.editpad jdk.hotspot.agent jdk.httpserver jdk.internal.le jdk.internal.vm.ci jdk.internal.vm.compiler jdk.internal.vm.compiler.management jdk.jartool jdk.javadoc jdk.jcmd jdk.management jdk.management.agent jdk.jconsole jdk.jdeps jdk.jdwp.agent jdk.jdi jdk.jfr jdk.jshell jdk.jsobject jdk.jstatd jdk.localedata jdk.management.jfr jdk.naming.dns jdk.naming.rmi jdk.net jdk.nio.mapmode jdk.random jdk.sctp jdk.security.auth jdk.security.jgss jdk.unsupported jdk.unsupported.desktop jdk.xml.dom" 

Environment Variables:
JAVA_HOME=C:\Program Files\Android\Android Studio\jbr
PATH=C:\Python314\Scripts\;C:\Python314\;C:\Program Files\Common Files\Oracle\Java\javapath;C:\WINDOWS\system32;C:\WINDOWS;C:\WINDOWS\System32\Wbem;C:\WINDOWS\System32\WindowsPowerShell\v1.0\;C:\WINDOWS\System32\OpenSSH\:C:\Program Files\Java\jdk-16.0.2\bin;C:\Program Files (x86)\Pulse Secure\VC142.CRT\X64\;C:\Program Files (x86)\Pulse Secure\VC142.CRT\X86\;C:\Program Files (x86)\Common Files\Pulse Secure\VC142.CRT\X64\;C:\Program Files (x86)\Common Files\Pulse Secure\VC142.CRT\X86\;C:\WINDOWS\System32\OpenSSH\;C:\Program Files (x86)\NVIDIA Corporation\PhysX\Common;C:\Program Files\NVIDIA Corporation\NVIDIA NvDLISR;C:\Program Files\dotnet\;C:\WINDOWS\system32;C:\WINDOWS;C:\WINDOWS\System32\Wbem;C:\WINDOWS\System32\WindowsPowerShell\v1.0\;C:\WINDOWS\System32\OpenSSH\;C:\Program Files\Git\cmd;C:\Program Files\Docker\Docker\resources\bin;C:\Users\Anudeep\AppData\Local\Programs\Python\Python314\Scripts;C:\Users\Anudeep\AppData\Local\Programs\Python\Python312\Scripts;C:\Program Files\nodejs\;C:\ProgramData\chocolatey\bin;C:\Users\Anudeep\AppData\Local\Programs\Python\Python310\Scripts\;C:\Users\Anudeep\AppData\Local\Programs\Python\Python310\;C:\Users\Anudeep\AppData\Local\Programs\Python\Launcher\;C:\Users\Anudeep\AppData\Local\Programs\Python\Python312\Scripts\;C:\Users\Anudeep\AppData\Local\Programs\Python\Python312\;C:\Users\Anudeep\AppData\Local\Programs\Python\Python314\Scripts\;C:\Users\Anudeep\AppData\Local\Programs\Python\Python314\;C:\Users\Anudeep\AppData\Local\Microsoft\WindowsApps;C:\Users\Anudeep\AppData\Local\GitHubDesktop\bin;C:\Program Files\JetBrains\PyCharm Community Edition 2021.1\bin;;C:\Users\Anudeep\AppData\Local\Muse Hub\lib;C:\Users\Anudeep\AppData\Local\Programs\Microsoft VS Code\bin;C:\Users\Anudeep\AppData\Local\Programs\Antigravity\bin;C:\Users\Anudeep\AppData\Roaming\npm;C:\Users\Anudeep\AppData\Local\Android\Sdk\platform-tools;C:\Program Files\Android\Android Studio\jbr\bin;
USERNAME=Anudeep
OS=Windows_NT
PROCESSOR_IDENTIFIER=Intel64 Family 6 Model 142 Stepping 12, GenuineIntel
TMP=C:\Users\Anudeep\AppData\Local\Temp
TEMP=C:\Users\Anudeep\AppData\Local\Temp




Periodic native trim disabled

---------------  S Y S T E M  ---------------

OS:
 Windows 11 , 64 bit Build 26100 (10.0.26100.8246)
OS uptime: 0 days 1:13 hours
Hyper-V role detected

CPU: total 8 (initial active 8) (4 cores per cpu, 2 threads per core) family 6 model 142 stepping 12 microcode 0xfc, cx8, cmov, fxsr, ht, mmx, 3dnowpref, sse, sse2, sse3, ssse3, sse4.1, sse4.2, popcnt, lzcnt, tsc, tscinvbit, avx, avx2, aes, erms, clmul, bmi1, bmi2, adx, fma, vzeroupper, clflush, clflushopt, hv, rdtscp, f16c
Processor Information for the first 8 processors :
  Max Mhz: 2112, Current Mhz: 1609, Mhz Limit: 1605

Memory: 4k page, system-wide physical 7995M (499M free)
TotalPageFile size 18235M (AvailPageFile size 0M)
current process WorkingSet (physical memory assigned to process): 185M, peak: 302M
current process commit charge ("private bytes"): 411M, peak: 417M

vm_info: OpenJDK 64-Bit Server VM (21.0.10+7-LTS) for windows-amd64 JRE (21.0.10+7-LTS), built on 2026-01-20T00:00:00Z by "admin" with MS VC++ 17.12 (VS2022)

END.
